#! /usr/bin/vvp
:ivl_version "11.0 (stable)";
:ivl_delay_selection "TYPICAL";
:vpi_time_precision + 0;
:vpi_module "/usr/lib/x86_64-linux-gnu/ivl/system.vpi";
:vpi_module "/usr/lib/x86_64-linux-gnu/ivl/vhdl_sys.vpi";
:vpi_module "/usr/lib/x86_64-linux-gnu/ivl/vhdl_textio.vpi";
:vpi_module "/usr/lib/x86_64-linux-gnu/ivl/v2005_math.vpi";
:vpi_module "/usr/lib/x86_64-linux-gnu/ivl/va_math.vpi";
S_0x563742230cf0 .scope module, "labK" "labK" 2 1;
 .timescale 0 0;
L_0x56374227ffe0 .functor XOR 1, v0x56374227f8d0_0, v0x56374227f830_0, C4<0>, C4<0>;
L_0x563742280070 .functor BUFZ 1, L_0x56374227ffe0, C4<0>, C4<0>, C4<0>;
L_0x5637422800e0 .functor XOR 1, L_0x563742280070, L_0x563742280300, L_0x563742280560, C4<0>;
L_0x563742280200 .functor AND 1, L_0x563742280070, v0x563742230e80_0, C4<1>, C4<1>;
L_0x563742280300 .functor BUFZ 1, L_0x563742280200, C4<0>, C4<0>, C4<0>;
L_0x563742280410 .functor AND 1, v0x56374227f8d0_0, v0x56374227f830_0, C4<1>, C4<1>;
L_0x563742280560 .functor BUFZ 1, L_0x563742280410, C4<0>, C4<0>, C4<0>;
L_0x563742280670 .functor OR 1, L_0x563742280300, L_0x563742280560, C4<0>, C4<0>;
v0x563742230e80_0 .var "Cin", 0 0;
v0x56374227f770_0 .net "Cout", 0 0, L_0x563742280670;  1 drivers
v0x56374227f830_0 .var "a", 0 0;
v0x56374227f8d0_0 .var "b", 0 0;
v0x56374227f990_0 .var "flag", 0 0;
v0x56374227faa0_0 .net "orInput1", 0 0, L_0x563742280300;  1 drivers
v0x56374227fb60_0 .net "orInput2", 0 0, L_0x563742280560;  1 drivers
v0x56374227fc20_0 .net "r", 0 0, L_0x56374227ffe0;  1 drivers
v0x56374227fce0_0 .net "s", 0 0, L_0x563742280410;  1 drivers
v0x56374227fda0_0 .net "t", 0 0, L_0x563742280200;  1 drivers
v0x56374227fe60_0 .net "xorAndIn", 0 0, L_0x563742280070;  1 drivers
v0x56374227ff20_0 .net "z", 0 0, L_0x5637422800e0;  1 drivers
    .scope S_0x563742230cf0;
T_0 ;
    %delay 15, 0;
    %vpi_func 2 31 "$value$plusargs" 32, "a=%b", v0x56374227f830_0 {0 0 0};
    %pad/s 1;
    %store/vec4 v0x56374227f990_0, 0, 1;
    %load/vec4 v0x56374227f990_0;
    %pad/u 32;
    %cmpi/e 0, 0, 32;
    %jmp/0xz  T_0.0, 4;
    %vpi_call 2 32 "$display", "Error +a not specified" {0 0 0};
T_0.0 ;
    %vpi_func 2 33 "$value$plusargs" 32, "b=%b", v0x56374227f8d0_0 {0 0 0};
    %pad/s 1;
    %store/vec4 v0x56374227f990_0, 0, 1;
    %load/vec4 v0x56374227f990_0;
    %pad/u 32;
    %cmpi/e 0, 0, 32;
    %jmp/0xz  T_0.2, 4;
    %vpi_call 2 34 "$display", "Error +b not specified" {0 0 0};
T_0.2 ;
    %vpi_func 2 35 "$value$plusargs" 32, "Cin=%b", v0x563742230e80_0 {0 0 0};
    %pad/s 1;
    %store/vec4 v0x56374227f990_0, 0, 1;
    %load/vec4 v0x56374227f990_0;
    %pad/u 32;
    %cmpi/e 0, 0, 32;
    %jmp/0xz  T_0.4, 4;
    %vpi_call 2 36 "$display", "Error +Cin not specified" {0 0 0};
T_0.4 ;
    %delay 25, 0;
    %delay 1, 0;
    %vpi_call 2 38 "$display", "a=%d b=%d Cin=%d z=%d Cout=%d ", v0x56374227f830_0, v0x56374227f8d0_0, v0x563742230e80_0, v0x56374227ff20_0, v0x56374227f770_0 {0 0 0};
    %end;
    .thread T_0;
# The file index is used to find the file name in the following table.
:file_names 3;
    "N/A";
    "<interactive>";
    "Labk9.v";
